2026-01-29 20:12:32,244 [INFO Parser
2026-01-29 20:12:33,956 [INFO Parser
2026-01-29 20:12:33,958 [INFO Parser
2026-01-29 20:12:33,959 [INFO Parser
2026-01-29 20:12:33,960 [INFO Parser
2026-01-29 20:12:33,961 [INFO Parser
2026-01-29 20:12:33,962 [INFO Parser
2026-01-29 20:12:33,964 [INFO Parser
2026-01-29 20:12:33,965 [INFO Parser
2026-01-29 20:12:33,966 [INFO Parser
2026-01-29 20:12:33,967 [INFO Parser
2026-01-29 20:12:36,742 [INFO Parser
2026-01-29 20:12:36,743 [INFO Parser
2026-01-29 20:12:36,744 [INFO Parser
2026-01-29 20:12:36,745 [INFO Parser
2026-01-29 20:12:36,746 [INFO Parser
2026-01-29 20:12:36,747 [INFO Parser
2026-01-29 20:12:36,748 [INFO Parser
2026-01-29 20:12:36,749 [INFO Parser
2026-01-29 20:12:36,749 [INFO Parser
2026-01-29 20:12:36,750 [INFO Parser
2026-01-29 20:12:39,218 [INFO Parser
2026-01-29 20:12:39,219 [INFO Parser
2026-01-29 20:12:39,220 [INFO Parser
2026-01-29 20:12:39,221 [INFO Parser
2026-01-29 20:12:39,222 [INFO Parser
2026-01-29 20:12:39,223 [INFO Parser
2026-01-29 20:12:39,225 [INFO Parser
2026-01-29 20:12:39,226 [INFO Parser
2026-01-29 20:12:39,227 [INFO Parser
2026-01-29 20:12:39,227 [INFO Parser
2026-01-29 20:12:41,961 [INFO Parser
2026-01-29 20:12:41,963 [INFO Parser
2026-01-29 20:12:41,963 [INFO Parser
2026-01-29 20:12:41,964 [INFO Parser
2026-01-29 20:12:41,965 [INFO Parser
2026-01-29 20:12:41,966 [INFO Parser
2026-01-29 20:12:41,967 [INFO Parser
2026-01-29 20:12:41,968 [INFO Parser
2026-01-29 20:12:41,968 [INFO Parser
2026-01-29 20:12:41,969 [INFO Parser
2026-01-29 20:12:42,980 [INFO Parser
2026-01-29 20:14:59,175 [INFO Last ID 101438905
2026-01-29 20:15:00,778 [INFO Item Пресс для чеснока (160 мм) successfully added
2026-01-29 20:15:00,780 [INFO Item Чай травяной "Книжная полка. Ужасы" (12 пакетиков) successfully added
2026-01-29 20:15:00,781 [INFO Item Спонж для макияжа "Viola and Cream" successfully added
2026-01-29 20:15:00,782 [INFO Item Хорошее отношение к лошадям successfully added
2026-01-29 20:15:00,783 [INFO Item Комната старинных ключей successfully added
2026-01-29 20:15:00,784 [INFO Item Сковорода алюминевая, 28 см "Metallic Platinum" successfully added
2026-01-29 20:15:00,785 [INFO Item Авантюристка. Потерявшая имя successfully added
2026-01-29 20:15:00,786 [INFO Item Перевозбуждение примитивной личности successfully added
2026-01-29 20:15:00,787 [INFO Item Овощечистка "Tinto" (170 мм) successfully added
2026-01-29 20:15:00,788 [INFO Item Хорошее отношение к лошадям successfully added
2026-01-29 20:15:01,792 [INFO Finished. Added bad ID's during this session: 0.
2026-01-29 20:15:45,932 INFO     Last ID 101438915
2026-01-29 20:15:47,420 INFO     Item Спонж для макияжа "Mocha Mousse" successfully added
2026-01-29 20:15:47,421 INFO     Item Спонж для создания веснушек "Broccoli Freckle Sponge Green" successfully added
2026-01-29 20:15:47,422 INFO     Item Спонж для макияжа "Beige" successfully added
2026-01-29 20:15:47,423 INFO     Item Спонж для макияжа "Pink Gradient" successfully added
2026-01-29 20:15:47,424 INFO     Item Сковорода алюминиевая, 24 см "Granite PR" successfully added
2026-01-29 20:15:47,425 INFO     Item Зубной порошок "Remove Coffee and Tea Stains Whitening Tooth Powder" (50 г) successfully added
2026-01-29 20:15:47,425 INFO     Item Спонж для макияжа "Green Gradient" successfully added
2026-01-29 20:15:47,426 INFO     Item Сотейник металлический 1,4 л "Granite" successfully added
2026-01-29 20:15:47,427 INFO     Item Сотейник металлический с крышкой "Matte Line" (0,9 л) successfully added
2026-01-29 20:15:47,428 INFO     Item Река костяные берега successfully added
2026-01-29 20:15:48,445 INFO     Finished. Added bad ID's during this session: 0.
INFO    : Last ID 101438925. 2026-01-29 20:16:31,596
INFO    : Item Свеча декоративная "Корица и Ваниль" successfully added. 2026-01-29 20:16:33,040
INFO    : Item Ухахатбл successfully added. 2026-01-29 20:16:33,041
INFO    : Item Термос металлический 0,75 л (зелёный) successfully added. 2026-01-29 20:16:33,042
INFO    : Item Любовь и мистер Люишем. Киппс successfully added. 2026-01-29 20:16:33,043
INFO    : Item Чем заняться с ребёнком в городе? successfully added. 2026-01-29 20:16:33,044
INFO    : Item Свеча декоративная "Лаванда" successfully added. 2026-01-29 20:16:33,044
INFO    : Item Сосисоны – чей сосисон длиннее? successfully added. 2026-01-29 20:16:33,045
INFO    : Item Форма для выпекания металлическая (280х68 мм) successfully added. 2026-01-29 20:16:33,046
INFO    : Item Форма для выпекания металлическая (285х35 мм) successfully added. 2026-01-29 20:16:33,047
INFO    : Item Издать или послать? successfully added. 2026-01-29 20:16:33,048
INFO    : Finished. Added bad ID's during this session: 0.. 2026-01-29 20:16:34,054
INFO: Last ID 101438935. 2026-01-29 20:16:58,716
INFO: Item Отдел продаж PLUS. Системный подход к отлаженным продажам successfully added. 2026-01-29 20:17:00,184
INFO: Item Свеча декоративная "Лайм и Бергамот" successfully added. 2026-01-29 20:17:00,185
INFO: Item Чайник заварочный "Doblo" (0,28 л) successfully added. 2026-01-29 20:17:00,186
INFO: Item Свеча декоративная "Роза" successfully added. 2026-01-29 20:17:00,187
INFO: Item О чём не знал отличник. Рассказы о школе successfully added. 2026-01-29 20:17:00,188
INFO: Item Свеча декоративная "Мандарин и Сосна" successfully added. 2026-01-29 20:17:00,189
INFO: Item Сыворотка для лица "Beauty Lab. С пребиотиками для проблемной кожи" (30 мл) successfully added. 2026-01-29 20:17:00,190
INFO: Item Сковорода алюминиевая, 24 см "Granite Dark Brown" successfully added. 2026-01-29 20:17:00,191
INFO: Item Числа successfully added. 2026-01-29 20:17:00,191
INFO: Item Сковорода алюминиевая, 28 см "Granite Dark Brown" successfully added. 2026-01-29 20:17:00,192
INFO: Finished. Added bad ID's during this session: 0.. 2026-01-29 20:17:01,205
INFO: Last ID 101438945. 20:17:49
INFO: Item Контакты successfully added. 20:17:50
INFO: Item Набор бокалов для шампанского "Macassar" (6 шт.) successfully added. 20:17:50
INFO: Item Семейный чат successfully added. 20:17:50
INFO: Item Структура художественного текста successfully added. 20:17:50
INFO: Item Хочу котёнка! successfully added. 20:17:50
INFO: Item Сыворотка для лица "Miya Beauty Lab. Увлажняющая. С тройной гиалуроновой кислотой" (30 мл) successfully added. 20:17:50
INFO: Item Бокал для бренди стеклянный "Lara" (6 шт.; 400 мл) successfully added. 20:17:50
INFO: Item Крем для кожи вокруг глаз "My Eye Hero. Увлажняющий" (15 мл) successfully added. 20:17:50
INFO: Item Тёрка четырёхгранная "Market Union" successfully added. 20:17:50
INFO: Item Набор бокалов для шампанского "Lady Diamond" (6 шт.) successfully added. 20:17:50
INFO: Finished. Added bad ID's during this session: 0.. 20:17:51
INFO: Last ID: 101438955. 20:18:40
INFO: Item Крем солнцезащитный для лица "Антивозрастной" SPF 50+ (50 мл) successfully added. 20:18:42
INFO: Item Бокал для вина стеклянный "Neon" (4 шт.; 350 мл) successfully added. 20:18:42
INFO: Item "Маленький принц". Лимитированная коллекция часов "Время историй" successfully added. 20:18:42
INFO: Item Шелковые дети successfully added. 20:18:42
INFO: Item "Алиса в Стране чудес". Лимитированная коллекция часов "Время историй" successfully added. 20:18:42
INFO: Item Бокал для вина стеклянный "Xtra" (6 шт.; 560 мл ) successfully added. 20:18:42
INFO: Item "Мастер и Маргарита". Лимитированная коллекция часов "Время историй" successfully added. 20:18:42
INFO: Item Крем для лица "Ультраувлажняющий" (50 мл) successfully added. 20:18:42
INFO: Item "Этюд в багровых тонах". Лимитированная коллекция часов "Время историй" successfully added. 20:18:42
INFO: Item Паутина чужих желаний successfully added. 20:18:42
INFO: Finished. Added bad ID's during this session: 0.. 20:18:43
INFO: Programm is running.. 20:20:32
INFO: Last ID: 101438965. 20:20:32
INFO: Item Осень. Латте. Любовь successfully added. 20:20:34
INFO: Item Ищи ответы в Петербурге. Метафорические карты с вдохновляющими посланиями на каждый день (40 шт.) successfully added. 20:20:34
INFO: Item Масло для лица и тела "Byphasse Sublimatrice. Кокос" (100 мл) successfully added. 20:20:34
INFO: Item Масло для лица и тела "Byphasse Sublimatrice. Авокадо" (100 мл) successfully added. 20:20:34
INFO: Item Бокал для пива стеклянный "Tulipa Optic" (6 шт.; 540 мл) successfully added. 20:20:34
INFO: Item Голоса летнего дня. Хлеб по водам successfully added. 20:20:34
INFO: Item Лекарство против шока successfully added. 20:20:34
INFO: Item Тёрка "Market Union" (230 мм) successfully added. 20:20:34
INFO: Item Дзюндзи Ито. Искушение successfully added. 20:20:34
INFO: Item Двенадцать месяцев successfully added. 20:20:34
INFO: Finished. Added bad ID's during this session: 0.. 20:20:35
INFO: Programm is finished.. 20:20:35
